[2024-02-07 08:37:53]  user: admin -> login
[2024-02-07 08:37:58]  user: admin -> Teacher 'esfandiary' deleted
[2024-02-07 08:38:01]  user: admin -> Logout
[2024-02-07 08:58:23]  user: danesh -> login
[2024-02-07 09:02:41]  user: danesh -> login
[2024-02-07 09:03:30]  user: danesh -> login
[2024-02-07 09:04:49]  user: danesh -> login
[2024-02-07 09:08:33]  user: danesh -> login
[2024-02-07 09:19:11]  user: danesh -> login
[2024-02-07 09:47:47]  user: danesh -> login
[2024-02-07 10:07:56]  user: danesh -> login
[2024-02-07 10:08:46]  user: danesh -> login
[2024-02-07 10:08:52]  user: danesh -> 14022Students.txt (The system cannot find the file specified)
[2024-02-07 10:48:20]  user: danesh -> login
[2024-02-07 10:58:42]  user: danesh -> login
[2024-02-07 11:09:04]  user: danesh -> Logout
[2024-02-07 11:10:27]  user: danesh -> login
[2024-02-07 11:11:21]  user: danesh -> login
[2024-02-07 11:20:17]  user: danesh -> login
[2024-02-07 11:22:00]  user: danesh -> login
[2024-02-07 11:22:36]  user: danesh -> Logout
[2024-02-07 11:22:44]  user: danesh -> login
[2024-02-07 11:24:29]  user: danesh -> login
[2024-02-07 16:56:32]  user: afshin behmaram -> login
[2024-02-07 16:56:48]  user: afshin behmaram -> 'Students.txt' Updated
[2024-02-07 16:56:48]  user: afshin behmaram -> edit score for LessonId '5' 
[2024-02-07 17:00:54]  user: afshin behmaram -> login
[2024-02-07 17:01:02]  user: afshin behmaram -> 'Students.txt' Updated
[2024-02-07 17:01:02]  user: afshin behmaram -> edit score for LessonId '5' 
[2024-02-07 17:03:06]  user: danesh -> login
[2024-02-07 17:03:07]  user: danesh -> 14021Students.txt (The system cannot find the file specified)
[2024-02-07 17:03:16]  user: danesh -> 14021Students.txt (The system cannot find the file specified)
[2024-02-07 17:03:18]  user: danesh -> 14012Students.txt (The system cannot find the file specified)
[2024-02-07 17:03:19]  user: danesh -> 14022Students.txt (The system cannot find the file specified)
[2024-02-07 17:03:21]  user: danesh -> 14002Students.txt (The system cannot find the file specified)
[2024-02-07 18:48:01]  user: danesh -> login
[2024-02-07 18:49:06]  user: danesh -> login
[2024-02-07 18:56:03]  user: danesh -> login
[2024-02-07 18:56:49]  user: danesh -> login
[2024-02-07 18:58:06]  user: danesh -> login
[2024-02-07 18:58:14]  user: danesh -> success unit selection
[2024-02-07 18:58:17]  user: danesh -> Logout
[2024-02-07 18:58:29]  user: danesh -> login
[2024-02-07 18:58:58]  user: danesh -> success unit selection
[2024-02-07 18:59:01]  user: danesh -> Logout
[2024-02-07 18:59:09]  user: danesh -> login
[2024-02-07 19:00:38]  user: danesh -> login
[2024-02-08 08:10:10]  user: admin -> login
[2024-02-08 08:21:43]  user: admin -> login
[2024-02-08 08:25:22]  user: admin -> login
[2024-02-08 09:07:41]  user: danesh -> login
[2024-02-08 09:09:04]  user: danesh -> login
[2024-02-08 09:09:50]  user: danesh -> login
[2024-02-08 09:11:24]  user: afshin behmaram -> login
[2024-02-08 09:11:26]  user: afshin behmaram -> Logout
[2024-02-08 09:11:34]  user: admin -> login
[2024-02-08 09:11:43]  user: admin -> Logout
[2024-02-08 09:11:52]  user: danesh -> login
[2024-02-08 09:12:18]  user: danesh -> login
[2024-02-08 09:27:43]  user: danesh -> login
[2024-02-08 09:29:31]  user: danesh -> login
[2024-02-08 09:30:13]  user: danesh -> login
[2024-02-08 09:31:01]  user: danesh -> login
[2024-02-08 09:35:34]  user: danesh -> login
[2024-02-08 09:36:25]  user: danesh -> login
[2024-02-08 09:37:38]  user: danesh -> login
[2024-02-08 09:38:46]  user: danesh -> login
[2024-02-08 09:38:49]  user: danesh -> Logout
[2024-02-08 09:39:40]  user: jafar tanha -> 'Users.txt' Updated - PassRecovery
[2024-02-08 09:39:49]  user: jafar tanha -> login
[2024-02-08 09:39:52]  user: jafar tanha -> login
[2024-02-08 09:39:53]  user: jafar tanha -> login
[2024-02-08 09:39:54]  user: jafar tanha -> login
[2024-02-08 09:39:54]  user: jafar tanha -> login
[2024-02-08 09:39:55]  user: jafar tanha -> login
[2024-02-08 09:39:55]  user: jafar tanha -> login
[2024-02-08 09:39:56]  user: jafar tanha -> login
[2024-02-08 09:39:56]  user: jafar tanha -> login
[2024-02-08 09:39:56]  user: jafar tanha -> login
[2024-02-08 09:40:11]  user: jafar tanha -> login
[2024-02-08 09:40:13]  user: jafar tanha -> login
[2024-02-08 09:40:28]  user: afshin behmaram -> login
[2024-02-08 09:40:29]  user: afshin behmaram -> login
[2024-02-08 09:40:29]  user: afshin behmaram -> login
[2024-02-08 09:40:29]  user: afshin behmaram -> login
[2024-02-08 09:41:27]  user: jafar tanha -> login
[2024-02-08 09:41:31]  user: jafar tanha -> Logout
[2024-02-08 09:41:41]  user: danesh -> login
[2024-02-08 09:41:47]  user: null -> Logout
[2024-02-08 09:41:55]  user: admin -> login
[2024-02-08 09:42:04]  user: admin -> Logout
[2024-02-08 09:42:13]  user: danesh -> login
[2024-02-08 09:43:10]  user: danesh -> login
[2024-02-08 09:43:12]  user: null -> Logout
[2024-02-08 09:46:03]  user: danesh -> login
[2024-02-08 09:46:12]  user: danesh -> Cannot invoke "javafx.scene.control.TableView.getItems()" because "table" is null
[2024-02-08 09:46:12]  user: danesh -> Cannot invoke "javafx.scene.control.TableView.getItems()" because "table" is null
[2024-02-08 09:46:36]  user: danesh -> Cannot invoke "javafx.scene.control.TableView.getItems()" because "table" is null
[2024-02-08 09:46:36]  user: danesh -> Cannot invoke "javafx.scene.control.TableView.getItems()" because "table" is null
[2024-02-08 09:46:36]  user: danesh -> Cannot invoke "javafx.scene.control.TableView.getItems()" because "table" is null
[2024-02-08 09:46:36]  user: danesh -> Cannot invoke "javafx.scene.control.TableView.getItems()" because "table" is null
[2024-02-08 09:47:37]  user: danesh -> login
[2024-02-08 09:47:48]  user: danesh -> success unit selection
[2024-02-08 09:47:51]  user: danesh -> Logout
[2024-02-08 09:48:01]  user: danesh -> login
[2024-02-08 09:50:19]  user: danesh -> login
[2024-02-08 09:50:32]  user: danesh -> success unit selection
[2024-02-08 09:50:35]  user: danesh -> Logout
[2024-02-08 09:50:45]  user: danesh -> login
[2024-02-08 09:51:50]  user: danesh -> login
[2024-02-08 09:51:55]  user: danesh -> success unit selection
[2024-02-08 09:51:58]  user: danesh -> Logout
[2024-02-08 09:52:05]  user: danesh -> login
[2024-02-08 09:52:58]  user: admin -> login
[2024-02-08 09:53:04]  user: admin -> Logout
[2024-02-08 09:53:13]  user: jafar tanha -> login
[2024-02-08 09:53:22]  user: jafar tanha -> 'Students.txt' Updated
[2024-02-08 09:53:22]  user: jafar tanha -> edit score for LessonId '1' 
[2024-02-08 09:53:27]  user: jafar tanha -> Logout
